<?xml version="1.0" encoding="UTF-8"?>
<!-- Generated by org.testng.reporters.JUnitReportReporter -->
<testsuite hostname="LAPTOP-RTCFK094" name="dXC_App_Automation_Testing.TestCase12" tests="1" failures="0" timestamp="15 Apr 2022 08:54:11 GMT" time="10.769" errors="0">
  <testcase name="IDDemo" time="10.769" classname="dXC_App_Automation_Testing.TestCase12"/>
</testsuite> <!-- dXC_App_Automation_Testing.TestCase12 -->
