<?xml version="1.0" encoding="UTF-8"?>
<!-- Generated by org.testng.reporters.JUnitReportReporter -->
<testsuite hostname="LAPTOP-RTCFK094" name="dXC_App_Automation_Testing.TestCase9" tests="1" failures="0" timestamp="14 Apr 2022 11:49:47 GMT" time="15.409" errors="0">
  <testcase name="IDDemo" time="15.409" classname="dXC_App_Automation_Testing.TestCase9"/>
</testsuite> <!-- dXC_App_Automation_Testing.TestCase9 -->
