<?xml version="1.0" encoding="UTF-8"?>
<!-- Generated by org.testng.reporters.JUnitReportReporter -->
<testsuite hostname="LAPTOP-RTCFK094" name="dXC_App_Automation_Testing.TestCase13" tests="1" failures="0" timestamp="15 Apr 2022 08:55:29 GMT" time="12.371" errors="0">
  <testcase name="IDDemo" time="12.371" classname="dXC_App_Automation_Testing.TestCase13"/>
</testsuite> <!-- dXC_App_Automation_Testing.TestCase13 -->
