<?xml version="1.0" encoding="UTF-8"?>
<!-- Generated by org.testng.reporters.JUnitReportReporter -->
<testsuite hostname="LAPTOP-RTCFK094" name="dXC_App_Automation_Testing.TestCase10" tests="1" failures="0" timestamp="15 Apr 2022 08:48:38 GMT" time="10.195" errors="0">
  <testcase name="IDDemo" time="10.195" classname="dXC_App_Automation_Testing.TestCase10"/>
</testsuite> <!-- dXC_App_Automation_Testing.TestCase10 -->
