<?xml version="1.0" encoding="UTF-8"?>
<!-- Generated by org.testng.reporters.JUnitReportReporter -->
<testsuite hostname="LAPTOP-RTCFK094" name="dXC_App_Automation_Testing.TestCase7" tests="1" failures="0" timestamp="14 Apr 2022 11:37:54 GMT" time="7.753" errors="0">
  <testcase name="IDDemo" time="7.753" classname="dXC_App_Automation_Testing.TestCase7"/>
</testsuite> <!-- dXC_App_Automation_Testing.TestCase7 -->
