<?xml version="1.0" encoding="UTF-8"?>
<!-- Generated by org.testng.reporters.JUnitReportReporter -->
<testsuite hostname="LAPTOP-RTCFK094" name="dXC_App_Automation_Testing.TestCase5" tests="1" failures="0" timestamp="14 Apr 2022 10:54:02 GMT" time="6.040" errors="0">
  <testcase name="IDDemo" time="6.040" classname="dXC_App_Automation_Testing.TestCase5"/>
</testsuite> <!-- dXC_App_Automation_Testing.TestCase5 -->
