<?xml version="1.0" encoding="UTF-8"?>
<!-- Generated by org.testng.reporters.JUnitReportReporter -->
<testsuite hostname="LAPTOP-RTCFK094" name="dXC_App_Automation_Testing.TestCase1" tests="1" failures="0" timestamp="14 Apr 2022 10:19:27 GMT" time="6.016" errors="0">
  <testcase name="IDDemo" time="6.016" classname="dXC_App_Automation_Testing.TestCase1"/>
</testsuite> <!-- dXC_App_Automation_Testing.TestCase1 -->
