<?xml version="1.0" encoding="UTF-8"?>
<!-- Generated by org.testng.reporters.JUnitReportReporter -->
<testsuite hostname="LAPTOP-RTCFK094" name="dXC_App_Automation_Testing.TestCase11" tests="1" failures="0" timestamp="15 Apr 2022 08:53:10 GMT" time="12.043" errors="0">
  <testcase name="IDDemo" time="12.043" classname="dXC_App_Automation_Testing.TestCase11"/>
</testsuite> <!-- dXC_App_Automation_Testing.TestCase11 -->
