<?xml version="1.0" encoding="UTF-8"?>
<!-- Generated by org.testng.reporters.JUnitReportReporter -->
<testsuite hostname="LAPTOP-RTCFK094" name="dXC_App_Automation_Testing.TestCase3" tests="1" failures="0" timestamp="14 Apr 2022 10:37:43 GMT" time="8.277" errors="0">
  <testcase name="IDDemo" time="8.277" classname="dXC_App_Automation_Testing.TestCase3"/>
</testsuite> <!-- dXC_App_Automation_Testing.TestCase3 -->
