<?xml version="1.0" encoding="UTF-8"?>
<!-- Generated by org.testng.reporters.JUnitReportReporter -->
<testsuite hostname="LAPTOP-RTCFK094" name="dXC_App_Automation_Testing.TestCase8" tests="1" failures="0" timestamp="14 Apr 2022 11:48:55 GMT" time="10.738" errors="0">
  <testcase name="IDDemo" time="10.738" classname="dXC_App_Automation_Testing.TestCase8"/>
</testsuite> <!-- dXC_App_Automation_Testing.TestCase8 -->
