<?xml version="1.0" encoding="UTF-8"?>
<!-- Generated by org.testng.reporters.JUnitReportReporter -->
<testsuite hostname="LAPTOP-RTCFK094" name="dXC_App_Automation_Testing.TestCase6" tests="1" failures="0" timestamp="14 Apr 2022 11:03:12 GMT" time="8.633" errors="0">
  <testcase name="IDDemo" time="8.633" classname="dXC_App_Automation_Testing.TestCase6"/>
</testsuite> <!-- dXC_App_Automation_Testing.TestCase6 -->
